<?xml version="1.0" encoding="UTF-8"?>
<testng-results total="1" passed="1" failed="0" skipped="0">
  <reporter-output>
  </reporter-output>
  <suite started-at="2023-01-09T06:44:59Z" name="Default suite" finished-at="2023-01-09T06:45:15Z" duration-ms="16134">
    <groups>
    </groups>
    <test started-at="2023-01-09T06:44:59Z" name="Default test" finished-at="2023-01-09T06:45:15Z" duration-ms="16134">
      <class name="iframes.ByIndex">
        <test-method is-config="true" signature="setup()[pri:0, instance:iframes.ByIndex@609db43b]" started-at="2023-01-09T12:14:59Z" name="setup" finished-at="2023-01-09T12:15:05Z" duration-ms="5739" status="PASS">
          <reporter-output>
          </reporter-output>
        </test-method> <!-- setup -->
        <test-method signature="Index()[pri:0, instance:iframes.ByIndex@609db43b]" started-at="2023-01-09T12:15:05Z" name="Index" finished-at="2023-01-09T12:15:14Z" duration-ms="9418" status="PASS">
          <reporter-output>
          </reporter-output>
        </test-method> <!-- Index -->
        <test-method is-config="true" signature="tearDown()[pri:0, instance:iframes.ByIndex@609db43b]" started-at="2023-01-09T12:15:14Z" name="tearDown" finished-at="2023-01-09T12:15:15Z" duration-ms="957" status="PASS">
          <reporter-output>
          </reporter-output>
        </test-method> <!-- tearDown -->
      </class> <!-- iframes.ByIndex -->
    </test> <!-- Default test -->
  </suite> <!-- Default suite -->
</testng-results>
