<?xml version="1.0" encoding="UTF-8"?>
<testng-results total="1" passed="1" failed="0" skipped="0">
  <reporter-output>
  </reporter-output>
  <suite started-at="2023-01-17T17:52:10Z" name="Default suite" finished-at="2023-01-17T17:52:27Z" duration-ms="17054">
    <groups>
    </groups>
    <test started-at="2023-01-17T17:52:10Z" name="Default test" finished-at="2023-01-17T17:52:27Z" duration-ms="17054">
      <class name="dropdown.DeSelectAll">
        <test-method is-config="true" signature="setup()[pri:0, instance:dropdown.DeSelectAll@609db43b]" started-at="2023-01-17T23:22:10Z" name="setup" finished-at="2023-01-17T23:22:15Z" duration-ms="5617" status="PASS">
          <reporter-output>
          </reporter-output>
        </test-method> <!-- setup -->
        <test-method signature="Index()[pri:0, instance:dropdown.DeSelectAll@609db43b]" started-at="2023-01-17T23:22:15Z" name="Index" finished-at="2023-01-17T23:22:25Z" duration-ms="10133" status="PASS">
          <reporter-output>
          </reporter-output>
        </test-method> <!-- Index -->
        <test-method is-config="true" signature="tearDown()[pri:0, instance:dropdown.DeSelectAll@609db43b]" started-at="2023-01-17T23:22:25Z" name="tearDown" finished-at="2023-01-17T23:22:27Z" duration-ms="1286" status="PASS">
          <reporter-output>
          </reporter-output>
        </test-method> <!-- tearDown -->
      </class> <!-- dropdown.DeSelectAll -->
    </test> <!-- Default test -->
  </suite> <!-- Default suite -->
</testng-results>
